<?xml version="1.0" encoding="UTF-8"?>
<!-- Generated by org.testng.reporters.JUnitReportReporter -->
<testsuite hostname="DESKTOP-988KIC6" failures="0" tests="1" name="com.org.base.openBrowser" time="3.082" errors="0" timestamp="2023-01-05T14:24:15 IST" skipped="0">
  <testcase classname="com.org.base.openBrowser" name="openBrowser" time="3.082"/>
  <system-out/>
</testsuite> <!-- com.org.base.openBrowser -->
