<?xml version="1.0" encoding="UTF-8"?>
<!-- Generated by org.testng.reporters.JUnitReportReporter -->
<testsuite hostname="DESKTOP-988KIC6" failures="0" tests="1" name="com.org.pages.LoginPage" time="26.310" errors="0" timestamp="2023-01-07T01:02:55 IST" skipped="0">
  <testcase classname="com.org.pages.LoginPage" name="BrowserLaunch" time="26.310"/>
  <system-out/>
</testsuite> <!-- com.org.pages.LoginPage -->
