<?xml version="1.0" encoding="UTF-8"?>
<!-- Generated by org.testng.reporters.JUnitReportReporter -->
<testsuite hostname="DESKTOP-988KIC6" failures="0" tests="1" name="com.org.base.BaseTest" time="46.520" errors="0" timestamp="2023-01-04T02:36:51 IST" skipped="0">
  <testcase classname="com.org.base.BaseTest" name="BrowserLaunch" time="46.520"/>
  <system-out/>
</testsuite> <!-- com.org.base.BaseTest -->
